<?xml version="1.0" encoding="UTF-8"?>
<!-- Generated by org.testng.reporters.JUnitReportReporter -->
<testsuite skipped="0" hostname="enver-pc" name="_ParallelexecutionofmultipleTestNGsuites.TestCaseOneForSuiteOne" tests="2" failures="0" timestamp="18 Tem 2019 19:58:50 GMT" time="0.018" errors="0">
  <testcase name="testMethodTwoForSuiteOne" time="0.002" classname="_ParallelexecutionofmultipleTestNGsuites.TestCaseOneForSuiteOne"/>
  <testcase name="testMethodOneForSuiteOne" time="0.016" classname="_ParallelexecutionofmultipleTestNGsuites.TestCaseOneForSuiteOne"/>
</testsuite> <!-- _ParallelexecutionofmultipleTestNGsuites.TestCaseOneForSuiteOne -->
