<?xml version="1.0" encoding="UTF-8"?>
<!-- Generated by org.testng.reporters.JUnitReportReporter -->
<testsuite skipped="0" hostname="enver-pc" name="SharingdataacrosTestsindifferenTestClasses.Consumerv2" tests="1" failures="0" timestamp="18 Tem 2019 17:50:24 GMT" time="0.001" errors="0">
  <testcase name="myCrazyTest" time="0.001" classname="SharingdataacrosTestsindifferenTestClasses.Consumerv2"/>
</testsuite> <!-- SharingdataacrosTestsindifferenTestClasses.Consumerv2 -->
