<?xml version="1.0" encoding="UTF-8"?>
<!-- Generated by org.testng.reporters.JUnitReportReporter -->
<testsuite skipped="0" hostname="enver-pc" name="_SharingdataacrossTestsindifferentTestClasses.Generator" tests="2" failures="0" timestamp="18 Tem 2019 17:50:24 GMT" time="0.004" errors="0">
  <testcase name="testNumbers" time="0.002" classname="_SharingdataacrossTestsindifferentTestClasses.Generator"/>
  <testcase name="testNumbers" time="0.002" classname="_SharingdataacrossTestsindifferentTestClasses.Generator"/>
</testsuite> <!-- _SharingdataacrossTestsindifferentTestClasses.Generator -->
