<?xml version="1.0" encoding="UTF-8"?>
<!-- Generated by org.testng.reporters.JUnitReportReporter -->
<testsuite skipped="0" hostname="enver-pc" name="_WorkingwithTestInstanceannotation.SecondTestClass" tests="2" failures="0" timestamp="18 Tem 2019 20:18:00 GMT" time="0.016" errors="0">
  <testcase name="testmethod" time="0.003" classname="_WorkingwithTestInstanceannotation.SecondTestClass"/>
  <testcase name="testmethod" time="0.013" classname="_WorkingwithTestInstanceannotation.SecondTestClass"/>
</testsuite> <!-- _WorkingwithTestInstanceannotation.SecondTestClass -->
