<?xml version="1.0" encoding="UTF-8"?>
<!-- Generated by org.testng.reporters.JUnitReportReporter -->
<testsuite skipped="0" hostname="enver-pc" name="_ParallelexecutionofmultipleTestNGsuites.TestCaseOneForSuiteTwo" tests="2" failures="0" timestamp="18 Tem 2019 20:06:56 GMT" time="0.023" errors="0">
  <testcase name="testMethodTwoForSuiteTwo" time="0.004" classname="_ParallelexecutionofmultipleTestNGsuites.TestCaseOneForSuiteTwo"/>
  <testcase name="testMethodOneForSuiteTwo" time="0.019" classname="_ParallelexecutionofmultipleTestNGsuites.TestCaseOneForSuiteTwo"/>
</testsuite> <!-- _ParallelexecutionofmultipleTestNGsuites.TestCaseOneForSuiteTwo -->
