<?xml version="1.0" encoding="UTF-8"?>
<!-- Generated by org.testng.reporters.JUnitReportReporter -->
<testsuite skipped="0" hostname="enver-pc" name="WhataredataprovidersinTestNG.FactoryMethodPoweredDataDrivenTest" tests="4" failures="0" timestamp="18 Tem 2019 21:29:05 GMT" time="0.000" errors="0">
  <testcase name="testValidName" time="0.000" classname="WhataredataprovidersinTestNG.FactoryMethodPoweredDataDrivenTest"/>
  <testcase name="testValidAge" time="0.000" classname="WhataredataprovidersinTestNG.FactoryMethodPoweredDataDrivenTest"/>
  <testcase name="testValidAge" time="0.000" classname="WhataredataprovidersinTestNG.FactoryMethodPoweredDataDrivenTest"/>
  <testcase name="testValidName" time="0.000" classname="WhataredataprovidersinTestNG.FactoryMethodPoweredDataDrivenTest"/>
</testsuite> <!-- WhataredataprovidersinTestNG.FactoryMethodPoweredDataDrivenTest -->
