<?xml version="1.0" encoding="UTF-8"?>
<!-- Generated by org.testng.reporters.JUnitReportReporter -->
<testsuite skipped="0" hostname="enver-pc" name="_Approach2Viathetestattributes.Generatorv2" tests="2" failures="0" timestamp="18 Tem 2019 17:50:24 GMT" time="0.013" errors="0">
  <testcase name="testNumbers" time="0.003" classname="_Approach2Viathetestattributes.Generatorv2"/>
  <testcase name="testNumbers" time="0.010" classname="_Approach2Viathetestattributes.Generatorv2"/>
</testsuite> <!-- _Approach2Viathetestattributes.Generatorv2 -->
