<?xml version="1.0" encoding="UTF-8"?>
<!-- Generated by org.testng.reporters.JUnitReportReporter -->
<testsuite skipped="0" hostname="enver-pc" name="_SharingdataacrossTestsindifferentTestClasses.Consumer" tests="1" failures="0" timestamp="18 Tem 2019 15:52:19 GMT" time="0.004" errors="0">
  <testcase name="myCrazyTest" time="0.004" classname="_SharingdataacrossTestsindifferentTestClasses.Consumer"/>
</testsuite> <!-- _SharingdataacrossTestsindifferentTestClasses.Consumer -->
