<?xml version="1.0" encoding="UTF-8"?>
<!-- Generated by org.testng.reporters.JUnitReportReporter -->
<testsuite skipped="0" hostname="enver-pc" name="_PrettyPrintingwithTestNG.SimpleDataDriven" tests="2" failures="0" timestamp="18 Tem 2019 16:54:50 GMT" time="0.028" errors="0">
  <testcase name="myTestMethod" time="0.003" classname="_PrettyPrintingwithTestNG.SimpleDataDriven"/>
  <testcase name="myTestMethod" time="0.025" classname="_PrettyPrintingwithTestNG.SimpleDataDriven"/>
</testsuite> <!-- _PrettyPrintingwithTestNG.SimpleDataDriven -->
