<?xml version="1.0" encoding="UTF-8"?>
<!-- Generated by org.testng.reporters.JUnitReportReporter -->
<testsuite skipped="0" hostname="enver-pc" name="testmethodsinparallelbuttestclassesinsequence.ClassOne" tests="2" failures="0" timestamp="18 Tem 2019 20:27:53 GMT" time="0.023" errors="0">
  <testcase name="testMethod" time="0.002" classname="testmethodsinparallelbuttestclassesinsequence.ClassOne"/>
  <testcase name="anotherTestMethod" time="0.021" classname="testmethodsinparallelbuttestclassesinsequence.ClassOne"/>
</testsuite> <!-- testmethodsinparallelbuttestclassesinsequence.ClassOne -->
