<?xml version="1.0" encoding="UTF-8"?>
<!-- Generated by org.testng.reporters.JUnitReportReporter -->
<testsuite skipped="0" hostname="enver-pc" name="_implementalltheTestNGinterfaces.SimpleTestClass" tests="1" failures="0" timestamp="18 Tem 2019 21:21:36 GMT" time="0.015" errors="0">
  <testcase name="helloWorld" time="0.015" classname="_implementalltheTestNGinterfaces.SimpleTestClass"/>
</testsuite> <!-- _implementalltheTestNGinterfaces.SimpleTestClass -->
