<?xml version="1.0" encoding="UTF-8"?>
<!-- Generated by org.testng.reporters.JUnitReportReporter -->
<testsuite skipped="0" hostname="enver-pc" name="WhataredataprovidersinTestNG.GreedyDataProviderExample" tests="3" failures="0" timestamp="18 Tem 2019 21:29:05 GMT" time="0.003" errors="0">
  <testcase name="myTestMethod" time="0.003" classname="WhataredataprovidersinTestNG.GreedyDataProviderExample"/>
  <testcase name="myTestMethod" time="0.000" classname="WhataredataprovidersinTestNG.GreedyDataProviderExample"/>
  <testcase name="myTestMethod" time="0.000" classname="WhataredataprovidersinTestNG.GreedyDataProviderExample"/>
</testsuite> <!-- WhataredataprovidersinTestNG.GreedyDataProviderExample -->
