<?xml version="1.0" encoding="UTF-8"?>
<!-- Generated by org.testng.reporters.JUnitReportReporter -->
<testsuite skipped="0" hostname="enver-pc" name="_Approach2Viathetestattributes.Consumerv2" tests="1" failures="0" timestamp="18 Tem 2019 16:15:01 GMT" time="0.000" errors="0">
  <testcase name="myCrazyTest" time="0.000" classname="_Approach2Viathetestattributes.Consumerv2"/>
</testsuite> <!-- _Approach2Viathetestattributes.Consumerv2 -->
