<?xml version="1.0" encoding="UTF-8"?>
<!-- Generated by org.testng.reporters.JUnitReportReporter -->
<testsuite skipped="0" hostname="enver-pc" name="_PrettyPrintingwithTestNG.DataDrivenUsingFactories" tests="4" failures="0" timestamp="18 Tem 2019 17:05:22 GMT" time="0.021" errors="0">
  <testcase name="testAge" time="0.015" classname="_PrettyPrintingwithTestNG.DataDrivenUsingFactories"/>
  <testcase name="testName" time="0.003" classname="_PrettyPrintingwithTestNG.DataDrivenUsingFactories"/>
  <testcase name="testAge" time="0.002" classname="_PrettyPrintingwithTestNG.DataDrivenUsingFactories"/>
  <testcase name="testName" time="0.001" classname="_PrettyPrintingwithTestNG.DataDrivenUsingFactories"/>
</testsuite> <!-- _PrettyPrintingwithTestNG.DataDrivenUsingFactories -->
