<?xml version="1.0" encoding="UTF-8"?>
<!-- Generated by org.testng.reporters.JUnitReportReporter -->
<testsuite skipped="0" hostname="enver-pc" name="BeanShellandTestNG.GroupsPlayGround" tests="3" failures="0" timestamp="18 Tem 2019 17:35:23 GMT" time="0.021" errors="0">
  <testcase name="foo" time="0.003" classname="BeanShellandTestNG.GroupsPlayGround"/>
  <testcase name="fooBar" time="0.004" classname="BeanShellandTestNG.GroupsPlayGround"/>
  <testcase name="bar" time="0.014" classname="BeanShellandTestNG.GroupsPlayGround"/>
</testsuite> <!-- BeanShellandTestNG.GroupsPlayGround -->
