<?xml version="1.0" encoding="UTF-8"?>
<!-- Generated by org.testng.reporters.JUnitReportReporter -->
<testsuite skipped="0" hostname="enver-pc" name="_WorkingwithTestInstanceannotation.FirstTestClass" tests="2" failures="0" timestamp="18 Tem 2019 20:11:06 GMT" time="0.015" errors="0">
  <testcase name="testmethod" time="0.003" classname="_WorkingwithTestInstanceannotation.FirstTestClass"/>
  <testcase name="testmethod" time="0.012" classname="_WorkingwithTestInstanceannotation.FirstTestClass"/>
</testsuite> <!-- _WorkingwithTestInstanceannotation.FirstTestClass -->
