<?xml version="1.0" encoding="UTF-8"?>
<!-- Generated by org.testng.reporters.JUnitReportReporter -->
<testsuite skipped="0" hostname="enver-pc" name="_PrettyPrintingwithTestNG.SimpleDataDriven3" tests="2" failures="0" timestamp="18 Tem 2019 17:00:56 GMT" time="0.019" errors="0">
  <testcase name="myTestMethod" time="0.004" classname="_PrettyPrintingwithTestNG.SimpleDataDriven3"/>
  <testcase name="myTestMethod" time="0.015" classname="_PrettyPrintingwithTestNG.SimpleDataDriven3"/>
</testsuite> <!-- _PrettyPrintingwithTestNG.SimpleDataDriven3 -->
