<?xml version="1.0" encoding="UTF-8"?>
<!-- Generated by org.testng.reporters.JUnitReportReporter -->
<testsuite skipped="0" hostname="enver-pc" name="_PrettyPrintingwithTestNG.SimpleDataDriven2" tests="2" failures="0" timestamp="18 Tem 2019 16:58:09 GMT" time="0.018" errors="0">
  <testcase name="myTestMethod" time="0.016" classname="_PrettyPrintingwithTestNG.SimpleDataDriven2"/>
  <testcase name="myTestMethod" time="0.002" classname="_PrettyPrintingwithTestNG.SimpleDataDriven2"/>
</testsuite> <!-- _PrettyPrintingwithTestNG.SimpleDataDriven2 -->
