<?xml version="1.0" encoding="UTF-8"?>
<!-- Generated by org.testng.reporters.JUnitReportReporter -->
<testsuite skipped="0" hostname="enver-pc" name="_ThreadAffinityinTestNG.TestClass" tests="3" failures="0" timestamp="18 Tem 2019 22:22:28 GMT" time="0.016" errors="0">
  <testcase name="a" time="0.014" classname="_ThreadAffinityinTestNG.TestClass"/>
  <testcase name="b" time="0.002" classname="_ThreadAffinityinTestNG.TestClass"/>
  <testcase name="c" time="0.000" classname="_ThreadAffinityinTestNG.TestClass"/>
</testsuite> <!-- _ThreadAffinityinTestNG.TestClass -->
