<?xml version="1.0" encoding="UTF-8"?>
<!-- Generated by org.testng.reporters.JUnitReportReporter -->
<testsuite skipped="0" hostname="enver-pc" name="SharingdataacrosTestsindifferenTestClasses.Generatorv2" tests="2" failures="0" timestamp="18 Tem 2019 17:50:24 GMT" time="0.019" errors="0">
  <testcase name="testNumbers" time="0.015" classname="SharingdataacrosTestsindifferenTestClasses.Generatorv2"/>
  <testcase name="testNumbers" time="0.004" classname="SharingdataacrosTestsindifferenTestClasses.Generatorv2"/>
</testsuite> <!-- SharingdataacrosTestsindifferenTestClasses.Generatorv2 -->
