<?xml version="1.0" encoding="UTF-8"?>
<!-- Generated by org.testng.reporters.JUnitReportReporter -->
<testsuite skipped="0" hostname="enver-pc" name="_ProgrammaticinjectionofListeners.AnnotationTransformerListener" tests="3" failures="0" timestamp="18 Tem 2019 16:33:33 GMT" time="0.015" errors="0">
  <testcase name="methodF" time="0.000" classname="_ProgrammaticinjectionofListeners.AnnotationTransformerListener"/>
  <testcase name="methodD" time="0.015" classname="_ProgrammaticinjectionofListeners.AnnotationTransformerListener"/>
  <testcase name="methodE" time="0.000" classname="_ProgrammaticinjectionofListeners.AnnotationTransformerListener"/>
</testsuite> <!-- _ProgrammaticinjectionofListeners.AnnotationTransformerListener -->
