<?xml version="1.0" encoding="UTF-8"?>
<!-- Generated by org.testng.reporters.JUnitReportReporter -->
<testsuite skipped="0" hostname="enver-pc" name="WhataredataprovidersinTestNG.MyTest" tests="1" failures="0" timestamp="18 Tem 2019 21:29:05 GMT" time="0.002" errors="0">
  <testcase name="test" time="0.002" classname="WhataredataprovidersinTestNG.MyTest"/>
</testsuite> <!-- WhataredataprovidersinTestNG.MyTest -->
