<?xml version="1.0" encoding="UTF-8"?>
<!-- Generated by org.testng.reporters.JUnitReportReporter -->
<testsuite skipped="0" hostname="enver-pc" name="WhataredataprovidersinTestNG.ParameterswithDataProviders" tests="2" failures="0" timestamp="18 Tem 2019 21:29:05 GMT" time="0.015" errors="0">
  <testcase name="verifyData1" time="0.015" classname="WhataredataprovidersinTestNG.ParameterswithDataProviders"/>
  <testcase name="verifyData1" time="0.000" classname="WhataredataprovidersinTestNG.ParameterswithDataProviders"/>
</testsuite> <!-- WhataredataprovidersinTestNG.ParameterswithDataProviders -->
