<?xml version="1.0" encoding="UTF-8"?>
<!-- Generated by org.testng.reporters.JUnitReportReporter -->
<testsuite skipped="0" hostname="enver-pc" name="_UsingthelistenerfactoryinTestNG.PlayingWithListenerFactory" tests="1" failures="0" timestamp="18 Tem 2019 16:50:28 GMT" time="0.019" errors="0">
  <testcase name="foo" time="0.019" classname="_UsingthelistenerfactoryinTestNG.PlayingWithListenerFactory"/>
</testsuite> <!-- _UsingthelistenerfactoryinTestNG.PlayingWithListenerFactory -->
