<?xml version="1.0" encoding="UTF-8"?>
<!-- Generated by org.testng.reporters.JUnitReportReporter -->
<testsuite skipped="0" hostname="enver-pc" name="SharingdataacrosTestsindifferenTestClasses.Consumer" tests="1" failures="0" timestamp="18 Tem 2019 17:47:49 GMT" time="0.002" errors="0">
  <testcase name="myCrazyTest" time="0.002" classname="SharingdataacrosTestsindifferenTestClasses.Consumer"/>
</testsuite> <!-- SharingdataacrosTestsindifferenTestClasses.Consumer -->
